#
# There is insufficient memory for the Java Runtime Environment to continue.
# Native memory allocation (malloc) failed to allocate 65552 bytes for Chunk::new
# Possible reasons:
#   The system is out of physical RAM or swap space
#   In 32 bit mode, the process size limit was hit
# Possible solutions:
#   Reduce memory load on the system
#   Increase physical memory or swap space
#   Check if swap backing store is full
#   Use 64 bit Java on a 64 bit OS
#   Decrease Java heap size (-Xmx/-Xms)
#   Decrease number of Java threads
#   Decrease Java thread stack sizes (-Xss)
#   Set larger code cache with -XX:ReservedCodeCacheSize=
# This output file may be truncated or incomplete.
#
#  Out of Memory Error (allocation.cpp:390), pid=18352, tid=0x0000000000006488
#
# JRE version: Java(TM) SE Runtime Environment (8.0_121-b13) (build 1.8.0_121-b13)
# Java VM: Java HotSpot(TM) 64-Bit Server VM (25.121-b13 mixed mode windows-amd64 compressed oops)
# Failed to write core dump. Minidumps are not enabled by default on client versions of Windows
#

---------------  T H R E A D  ---------------

Current thread (0x0000000017d52800):  JavaThread "C2 CompilerThread1" daemon [_thread_in_native, id=25736, stack(0x00000000194b0000,0x00000000195b0000)]

Stack: [0x00000000194b0000,0x00000000195b0000]
[error occurred during error reporting (printing stack bounds), id 0xc0000005]

Native frames: (J=compiled Java code, j=interpreted, Vv=VM code, C=native code)


Current CompileTask:
C2:   5905 3909   !   4       java.net.URL::<init> (543 bytes)


---------------  P R O C E S S  ---------------

Java Threads: ( => current thread )
  0x000000001993d800 JavaThread "HikariPool-1 connection adder" daemon [_thread_blocked, id=10992, stack(0x000000001f8d0000,0x000000001f9d0000)]
  0x000000001d84d000 JavaThread "HikariPool-1 housekeeper" daemon [_thread_blocked, id=22504, stack(0x000000001f5d0000,0x000000001f6d0000)]
  0x000000001c774000 JavaThread "Abandoned connection cleanup thread" daemon [_thread_blocked, id=17100, stack(0x000000001e780000,0x000000001e880000)]
  0x000000001987c000 JavaThread "surefire-forkedjvm-ping-30s" daemon [_thread_blocked, id=15824, stack(0x0000000019db0000,0x0000000019eb0000)]
  0x0000000019792000 JavaThread "surefire-forkedjvm-command-thread" daemon [_thread_in_native, id=5708, stack(0x0000000019cb0000,0x0000000019db0000)]
  0x00000000196d0800 JavaThread "Service Thread" daemon [_thread_blocked, id=5220, stack(0x0000000019ab0000,0x0000000019bb0000)]
  0x0000000017d55800 JavaThread "C1 CompilerThread2" daemon [_thread_blocked, id=12496, stack(0x00000000195b0000,0x00000000196b0000)]
=>0x0000000017d52800 JavaThread "C2 CompilerThread1" daemon [_thread_in_native, id=25736, stack(0x00000000194b0000,0x00000000195b0000)]
  0x0000000017d4d000 JavaThread "C2 CompilerThread0" daemon [_thread_in_native, id=3308, stack(0x00000000193b0000,0x00000000194b0000)]
  0x0000000017d4c000 JavaThread "Attach Listener" daemon [_thread_blocked, id=21984, stack(0x00000000192b0000,0x00000000193b0000)]
  0x0000000017d4b000 JavaThread "Signal Dispatcher" daemon [_thread_blocked, id=16148, stack(0x00000000191b0000,0x00000000192b0000)]
  0x0000000017d3a800 JavaThread "Finalizer" daemon [_thread_blocked, id=24676, stack(0x0000000018fc0000,0x00000000190c0000)]
  0x0000000017d19000 JavaThread "Reference Handler" daemon [_thread_blocked, id=26940, stack(0x0000000018ec0000,0x0000000018fc0000)]
  0x0000000003030800 JavaThread "main" [_thread_in_vm, id=19928, stack(0x0000000002f20000,0x0000000003020000)]

Other Threads:
  0x0000000017d17800 VMThread [stack: 0x0000000018dc0000,0x0000000018ec0000] [id=23756]
  0x00000000196de800 WatcherThread [stack: 0x0000000019bb0000,0x0000000019cb0000] [id=7496]

VM state:not at safepoint (normal execution)

VM Mutex/Monitor currently owned by a thread: None

Heap:
 PSYoungGen      total 197632K, used 138702K [0x00000000d5580000, 0x00000000e3e80000, 0x0000000100000000)
  eden space 187392K, 74% used [0x00000000d5580000,0x00000000ddcf3ac0,0x00000000e0c80000)
  from space 10240K, 0% used [0x00000000e1780000,0x00000000e1780000,0x00000000e2180000)
  to   space 11264K, 0% used [0x00000000e0c80000,0x00000000e0c80000,0x00000000e1780000)
 ParOldGen       total 51200K, used 15340K [0x0000000080000000, 0x0000000083200000, 0x00000000d5580000)
  object space 51200K, 29% used [0x0000000080000000,0x0000000080efb030,0x0000000083200000)
 Metaspace       used 42025K, capacity 43414K, committed 43648K, reserved 1087488K
  class space    used 5689K, capacity 5970K, committed 6016K, reserved 1048576K

Card table byte_map: [0x00000000124f0000,0x0000000012900000] byte_map_base: 0x00000000120f0000

Marking Bits: (ParMarkBitMap*) 0x000000006f27b6d0
 Begin Bits: [0x0000000012fb0000, 0x0000000014fb0000)
 End Bits:   [0x0000000014fb0000, 0x0000000016fb0000)

Polling page: 0x0000000002e90000

CodeCache: size=245760Kb used=12353Kb max_used=13771Kb free=233406Kb
 bounds [0x0000000003130000, 0x0000000003ec0000, 0x0000000012130000]
 total_blobs=3879 nmethods=3427 adapters=364
 compilation: enabled

Compilation events (10 events):
Event: 5.811 Thread 0x0000000017d52800 nmethod 3907 0x0000000003388cd0 code [0x0000000003388e20, 0x0000000003388f18]
Event: 5.813 Thread 0x0000000017d52800 3908       4       java.util.zip.ZipEntry::setExtra0 (360 bytes)
Event: 5.818 Thread 0x0000000017d52800 nmethod 3908 0x0000000003268950 code [0x0000000003268b60, 0x0000000003269228]
Event: 5.821 Thread 0x0000000017d52800 3909   !   4       java.net.URL::<init> (543 bytes)
Event: 5.822 Thread 0x0000000017d4d000 nmethod 3904 0x0000000003263410 code [0x0000000003263620, 0x0000000003265458]
Event: 5.827 Thread 0x0000000017d4d000 3910       4       java.lang.invoke.MethodType::hashCode (53 bytes)
Event: 5.829 Thread 0x0000000017d4d000 nmethod 3910 0x000000000352a910 code [0x000000000352aa60, 0x000000000352abf8]
Event: 5.836 Thread 0x0000000017d4d000 3911       4       java.net.URLClassLoader$1::run (5 bytes)
Event: 5.893 Thread 0x0000000017d55800 3912       3       org.apache.logging.log4j.spi.AbstractLogger::<init> (35 bytes)
Event: 5.894 Thread 0x0000000017d55800 nmethod 3912 0x00000000033b8b50 code [0x00000000033b8da0, 0x00000000033b9c38]

GC Heap History (10 events):
Event: 2.330 GC heap before
{Heap before GC invocations=6 (full 1):
 PSYoungGen      total 71680K, used 5110K [0x00000000d5580000, 0x00000000de580000, 0x0000000100000000)
  eden space 66560K, 0% used [0x00000000d5580000,0x00000000d5580000,0x00000000d9680000)
  from space 5120K, 99% used [0x00000000d9680000,0x00000000d9b7d850,0x00000000d9b80000)
  to   space 7168K, 0% used [0x00000000dde80000,0x00000000dde80000,0x00000000de580000)
 ParOldGen       total 87552K, used 3961K [0x0000000080000000, 0x0000000085580000, 0x00000000d5580000)
  object space 87552K, 4% used [0x0000000080000000,0x00000000803de658,0x0000000085580000)
 Metaspace       used 20540K, capacity 21130K, committed 21248K, reserved 1067008K
  class space    used 2827K, capacity 2998K, committed 3072K, reserved 1048576K
Event: 2.366 GC heap after
Heap after GC invocations=6 (full 1):
 PSYoungGen      total 71680K, used 0K [0x00000000d5580000, 0x00000000de580000, 0x0000000100000000)
  eden space 66560K, 0% used [0x00000000d5580000,0x00000000d5580000,0x00000000d9680000)
  from space 5120K, 0% used [0x00000000d9680000,0x00000000d9680000,0x00000000d9b80000)
  to   space 7168K, 0% used [0x00000000dde80000,0x00000000dde80000,0x00000000de580000)
 ParOldGen       total 51200K, used 6006K [0x0000000080000000, 0x0000000083200000, 0x00000000d5580000)
  object space 51200K, 11% used [0x0000000080000000,0x00000000805dd950,0x0000000083200000)
 Metaspace       used 20540K, capacity 21130K, committed 21248K, reserved 1067008K
  class space    used 2827K, capacity 2998K, committed 3072K, reserved 1048576K
}
Event: 2.838 GC heap before
{Heap before GC invocations=7 (full 1):
 PSYoungGen      total 71680K, used 66560K [0x00000000d5580000, 0x00000000de580000, 0x0000000100000000)
  eden space 66560K, 100% used [0x00000000d5580000,0x00000000d9680000,0x00000000d9680000)
  from space 5120K, 0% used [0x00000000d9680000,0x00000000d9680000,0x00000000d9b80000)
  to   space 7168K, 0% used [0x00000000dde80000,0x00000000dde80000,0x00000000de580000)
 ParOldGen       total 51200K, used 6006K [0x0000000080000000, 0x0000000083200000, 0x00000000d5580000)
  object space 51200K, 11% used [0x0000000080000000,0x00000000805dd950,0x0000000083200000)
 Metaspace       used 26259K, capacity 26964K, committed 27136K, reserved 1073152K
  class space    used 3526K, capacity 3719K, committed 3840K, reserved 1048576K
Event: 2.851 GC heap after
Heap after GC invocations=7 (full 1):
 PSYoungGen      total 120320K, used 7148K [0x00000000d5580000, 0x00000000de580000, 0x0000000100000000)
  eden space 113152K, 0% used [0x00000000d5580000,0x00000000d5580000,0x00000000dc400000)
  from space 7168K, 99% used [0x00000000dde80000,0x00000000de57b350,0x00000000de580000)
  to   space 8192K, 0% used [0x00000000dd580000,0x00000000dd580000,0x00000000ddd80000)
 ParOldGen       total 51200K, used 6753K [0x0000000080000000, 0x0000000083200000, 0x00000000d5580000)
  object space 51200K, 13% used [0x0000000080000000,0x0000000080698460,0x0000000083200000)
 Metaspace       used 26259K, capacity 26964K, committed 27136K, reserved 1073152K
  class space    used 3526K, capacity 3719K, committed 3840K, reserved 1048576K
}
Event: 3.773 GC heap before
{Heap before GC invocations=8 (full 1):
 PSYoungGen      total 120320K, used 120300K [0x00000000d5580000, 0x00000000de580000, 0x0000000100000000)
  eden space 113152K, 100% used [0x00000000d5580000,0x00000000dc400000,0x00000000dc400000)
  from space 7168K, 99% used [0x00000000dde80000,0x00000000de57b350,0x00000000de580000)
  to   space 8192K, 0% used [0x00000000dd580000,0x00000000dd580000,0x00000000ddd80000)
 ParOldGen       total 51200K, used 6753K [0x0000000080000000, 0x0000000083200000, 0x00000000d5580000)
  object space 51200K, 13% used [0x0000000080000000,0x0000000080698460,0x0000000083200000)
 Metaspace       used 30867K, capacity 31852K, committed 32128K, reserved 1077248K
  class space    used 4135K, capacity 4385K, committed 4480K, reserved 1048576K
Event: 3.789 GC heap after
Heap after GC invocations=8 (full 1):
 PSYoungGen      total 139264K, used 8184K [0x00000000d5580000, 0x00000000e2180000, 0x0000000100000000)
  eden space 131072K, 0% used [0x00000000d5580000,0x00000000d5580000,0x00000000dd580000)
  from space 8192K, 99% used [0x00000000dd580000,0x00000000ddd7e280,0x00000000ddd80000)
  to   space 10240K, 0% used [0x00000000e1780000,0x00000000e1780000,0x00000000e2180000)
 ParOldGen       total 51200K, used 8774K [0x0000000080000000, 0x0000000083200000, 0x00000000d5580000)
  object space 51200K, 17% used [0x0000000080000000,0x0000000080891ae8,0x0000000083200000)
 Metaspace       used 30867K, capacity 31852K, committed 32128K, reserved 1077248K
  class space    used 4135K, capacity 4385K, committed 4480K, reserved 1048576K
}
Event: 4.500 GC heap before
{Heap before GC invocations=9 (full 1):
 PSYoungGen      total 139264K, used 70003K [0x00000000d5580000, 0x00000000e2180000, 0x0000000100000000)
  eden space 131072K, 47% used [0x00000000d5580000,0x00000000d91dea20,0x00000000dd580000)
  from space 8192K, 99% used [0x00000000dd580000,0x00000000ddd7e280,0x00000000ddd80000)
  to   space 10240K, 0% used [0x00000000e1780000,0x00000000e1780000,0x00000000e2180000)
 ParOldGen       total 51200K, used 8774K [0x0000000080000000, 0x0000000083200000, 0x00000000d5580000)
  object space 51200K, 17% used [0x0000000080000000,0x0000000080891ae8,0x0000000083200000)
 Metaspace       used 34213K, capacity 35364K, committed 35416K, reserved 1079296K
  class space    used 4570K, capacity 4817K, committed 4864K, reserved 1048576K
Event: 4.515 GC heap after
Heap after GC invocations=9 (full 1):
 PSYoungGen      total 197632K, used 10215K [0x00000000d5580000, 0x00000000e3e80000, 0x0000000100000000)
  eden space 187392K, 0% used [0x00000000d5580000,0x00000000d5580000,0x00000000e0c80000)
  from space 10240K, 99% used [0x00000000e1780000,0x00000000e2179cb0,0x00000000e2180000)
  to   space 11264K, 0% used [0x00000000e0c80000,0x00000000e0c80000,0x00000000e1780000)
 ParOldGen       total 51200K, used 9362K [0x0000000080000000, 0x0000000083200000, 0x00000000d5580000)
  object space 51200K, 18% used [0x0000000080000000,0x0000000080924aa8,0x0000000083200000)
 Metaspace       used 34213K, capacity 35364K, committed 35416K, reserved 1079296K
  class space    used 4570K, capacity 4817K, committed 4864K, reserved 1048576K
}
Event: 4.515 GC heap before
{Heap before GC invocations=10 (full 2):
 PSYoungGen      total 197632K, used 10215K [0x00000000d5580000, 0x00000000e3e80000, 0x0000000100000000)
  eden space 187392K, 0% used [0x00000000d5580000,0x00000000d5580000,0x00000000e0c80000)
  from space 10240K, 99% used [0x00000000e1780000,0x00000000e2179cb0,0x00000000e2180000)
  to   space 11264K, 0% used [0x00000000e0c80000,0x00000000e0c80000,0x00000000e1780000)
 ParOldGen       total 51200K, used 9362K [0x0000000080000000, 0x0000000083200000, 0x00000000d5580000)
  object space 51200K, 18% used [0x0000000080000000,0x0000000080924aa8,0x0000000083200000)
 Metaspace       used 34213K, capacity 35364K, committed 35416K, reserved 1079296K
  class space    used 4570K, capacity 4817K, committed 4864K, reserved 1048576K
Event: 4.596 GC heap after
Heap after GC invocations=10 (full 2):
 PSYoungGen      total 197632K, used 0K [0x00000000d5580000, 0x00000000e3e80000, 0x0000000100000000)
  eden space 187392K, 0% used [0x00000000d5580000,0x00000000d5580000,0x00000000e0c80000)
  from space 10240K, 0% used [0x00000000e1780000,0x00000000e1780000,0x00000000e2180000)
  to   space 11264K, 0% used [0x00000000e0c80000,0x00000000e0c80000,0x00000000e1780000)
 ParOldGen       total 51200K, used 15340K [0x0000000080000000, 0x0000000083200000, 0x00000000d5580000)
  object space 51200K, 29% used [0x0000000080000000,0x0000000080efb030,0x0000000083200000)
 Metaspace       used 34213K, capacity 35364K, committed 35416K, reserved 1079296K
  class space    used 4570K, capacity 4817K, committed 4864K, reserved 1048576K
}

Deoptimization events (10 events):
Event: 5.096 Thread 0x0000000003030800 Uncommon trap: reason=bimorphic action=maybe_recompile pc=0x0000000003ba9290 method=java.util.regex.Matcher.match(II)Z @ 86
Event: 5.109 Thread 0x0000000003030800 Uncommon trap: reason=bimorphic action=maybe_recompile pc=0x0000000003ba9290 method=java.util.regex.Matcher.match(II)Z @ 86
Event: 5.109 Thread 0x0000000003030800 Uncommon trap: reason=bimorphic action=maybe_recompile pc=0x0000000003ba9290 method=java.util.regex.Matcher.match(II)Z @ 86
Event: 5.109 Thread 0x0000000003030800 Uncommon trap: reason=bimorphic action=maybe_recompile pc=0x0000000003ba9290 method=java.util.regex.Matcher.match(II)Z @ 86
Event: 5.114 Thread 0x0000000003030800 Uncommon trap: reason=unstable_if action=reinterpret pc=0x000000000355a828 method=java.util.Properties.loadConvert([CII[C)Ljava/lang/String; @ 445
Event: 5.116 Thread 0x0000000003030800 Uncommon trap: reason=unstable_if action=reinterpret pc=0x000000000378fcfc method=java.util.Properties.load0(Ljava/util/Properties$LineReader;)V @ 161
Event: 5.122 Thread 0x0000000003030800 Uncommon trap: reason=unstable_if action=reinterpret pc=0x0000000003b9e270 method=java.util.HashMap$EntrySpliterator.forEachRemaining(Ljava/util/function/Consumer;)V @ 31
Event: 5.281 Thread 0x0000000003030800 Uncommon trap: reason=unstable_if action=reinterpret pc=0x0000000003925f94 method=sun.misc.ASCIICaseInsensitiveComparator.compare(Ljava/lang/String;Ljava/lang/String;)I @ 83
Event: 5.329 Thread 0x0000000003030800 Uncommon trap: reason=unstable_if action=reinterpret pc=0x0000000003e31164 method=java.lang.Class.arrayContentsEq([Ljava/lang/Object;[Ljava/lang/Object;)Z @ 1
Event: 5.656 Thread 0x0000000003030800 Uncommon trap: reason=unstable_if action=reinterpret pc=0x00000000035e17d4 method=java.lang.ClassLoader.getClassLoadingLock(Ljava/lang/String;)Ljava/lang/Object; @ 6

Internal exceptions (10 events):
Event: 5.393 Thread 0x0000000003030800 Exception <a 'java/lang/ClassNotFoundException': org/springframework/context/weaving/LoadTimeWeaverAwareBeanInfo> (0x00000000daa1a548) thrown at [C:\re\workspace\8-2-build-windows-amd64-cygwin\jdk8u121\8372\hotspot\src\share\vm\classfile\systemDictionary.
Event: 5.393 Thread 0x0000000003030800 Exception <a 'java/lang/ClassNotFoundException': org/springframework/context/weaving/LoadTimeWeaverAwareCustomizer> (0x00000000daa3b2a8) thrown at [C:\re\workspace\8-2-build-windows-amd64-cygwin\jdk8u121\8372\hotspot\src\share\vm\classfile\systemDictionar
Event: 5.394 Thread 0x0000000003030800 Exception <a 'java/lang/ClassNotFoundException': org/springframework/beans/factory/FactoryBeanBeanInfo> (0x00000000daa5a4d0) thrown at [C:\re\workspace\8-2-build-windows-amd64-cygwin\jdk8u121\8372\hotspot\src\share\vm\classfile\systemDictionary.cpp, line 
Event: 5.394 Thread 0x0000000003030800 Exception <a 'java/lang/ClassNotFoundException': org/springframework/beans/factory/FactoryBeanCustomizer> (0x00000000daa77aa8) thrown at [C:\re\workspace\8-2-build-windows-amd64-cygwin\jdk8u121\8372\hotspot\src\share\vm\classfile\systemDictionary.cpp, lin
Event: 5.395 Thread 0x0000000003030800 Exception <a 'java/lang/ClassNotFoundException': org/springframework/beans/factory/BeanNameAwareBeanInfo> (0x00000000daa9ac78) thrown at [C:\re\workspace\8-2-build-windows-amd64-cygwin\jdk8u121\8372\hotspot\src\share\vm\classfile\systemDictionary.cpp, lin
Event: 5.395 Thread 0x0000000003030800 Exception <a 'java/lang/ClassNotFoundException': org/springframework/beans/factory/BeanNameAwareCustomizer> (0x00000000daab8a60) thrown at [C:\re\workspace\8-2-build-windows-amd64-cygwin\jdk8u121\8372\hotspot\src\share\vm\classfile\systemDictionary.cpp, l
Event: 5.396 Thread 0x0000000003030800 Exception <a 'java/lang/ClassNotFoundException': org/springframework/orm/jpa/EntityManagerFactoryInfoBeanInfo> (0x00000000daad9e08) thrown at [C:\re\workspace\8-2-build-windows-amd64-cygwin\jdk8u121\8372\hotspot\src\share\vm\classfile\systemDictionary.cpp
Event: 5.396 Thread 0x0000000003030800 Exception <a 'java/lang/ClassNotFoundException': org/springframework/orm/jpa/EntityManagerFactoryInfoCustomizer> (0x00000000daaf9af0) thrown at [C:\re\workspace\8-2-build-windows-amd64-cygwin\jdk8u121\8372\hotspot\src\share\vm\classfile\systemDictionary.c
Event: 5.397 Thread 0x0000000003030800 Exception <a 'java/lang/ClassNotFoundException': org/springframework/dao/support/PersistenceExceptionTranslatorBeanInfo> (0x00000000dab29b50) thrown at [C:\re\workspace\8-2-build-windows-amd64-cygwin\jdk8u121\8372\hotspot\src\share\vm\classfile\systemDict
Event: 5.397 Thread 0x0000000003030800 Exception <a 'java/lang/ClassNotFoundException': org/springframework/dao/support/PersistenceExceptionTranslatorCustomizer> (0x00000000dab4d758) thrown at [C:\re\workspace\8-2-build-windows-amd64-cygwin\jdk8u121\8372\hotspot\src\share\vm\classfile\systemDi

Events (10 events):
Event: 5.897 loading class org/hibernate/boot/archive/spi/ArchiveContext
Event: 5.897 loading class org/hibernate/boot/archive/spi/ArchiveContext done
Event: 5.897 loading class org/hibernate/boot/archive/internal/StandardArchiveDescriptorFactory
Event: 5.897 loading class org/hibernate/boot/archive/internal/StandardArchiveDescriptorFactory done
Event: 5.897 loading class org/hibernate/boot/archive/spi/JarFileEntryUrlAdjuster
Event: 5.897 loading class org/hibernate/boot/archive/spi/JarFileEntryUrlAdjuster done
Event: 5.898 loading class org/hibernate/boot/archive/spi/ArchiveDescriptor
Event: 5.898 loading class org/hibernate/boot/archive/spi/ArchiveDescriptor done
Event: 5.898 loading class org/hibernate/boot/archive/scan/internal/StandardScanParameters
Event: 5.898 loading class org/hibernate/boot/archive/scan/internal/StandardScanParameters done


Dynamic libraries:
0x00007ff7dd890000 - 0x00007ff7dd8c7000 	C:\Program Files\Java\jdk1.8.0_121\jre\bin\java.exe
0x00007ffbd0640000 - 0x00007ffbd0821000 	C:\WINDOWS\SYSTEM32\ntdll.dll
0x00007ffbd0240000 - 0x00007ffbd02f2000 	C:\WINDOWS\System32\KERNEL32.DLL
0x00007ffbccac0000 - 0x00007ffbccd33000 	C:\WINDOWS\System32\KERNELBASE.dll
0x00007ffbcdfb0000 - 0x00007ffbce051000 	C:\WINDOWS\System32\ADVAPI32.dll
0x00007ffbce060000 - 0x00007ffbce0fe000 	C:\WINDOWS\System32\msvcrt.dll
0x00007ffbd0300000 - 0x00007ffbd035b000 	C:\WINDOWS\System32\sechost.dll
0x00007ffbcde00000 - 0x00007ffbcdf24000 	C:\WINDOWS\System32\RPCRT4.dll
0x00007ffbcff60000 - 0x00007ffbd00f0000 	C:\WINDOWS\System32\USER32.dll
0x00007ffbcd740000 - 0x00007ffbcd760000 	C:\WINDOWS\System32\win32u.dll
0x00007ffbce7b0000 - 0x00007ffbce7d8000 	C:\WINDOWS\System32\GDI32.dll
0x00007ffbcd930000 - 0x00007ffbcdac2000 	C:\WINDOWS\System32\gdi32full.dll
0x00007ffbcd890000 - 0x00007ffbcd92f000 	C:\WINDOWS\System32\msvcp_win.dll
0x00007ffbcd640000 - 0x00007ffbcd73a000 	C:\WINDOWS\System32\ucrtbase.dll
0x00007ffbcab90000 - 0x00007ffbcadf9000 	C:\WINDOWS\WinSxS\amd64_microsoft.windows.common-controls_6595b64144ccf1df_6.0.17134.407_none_fb449d63306391e9\COMCTL32.dll
0x00007ffbcdad0000 - 0x00007ffbcddf2000 	C:\WINDOWS\System32\combase.dll
0x00007ffbcd810000 - 0x00007ffbcd88a000 	C:\WINDOWS\System32\bcryptPrimitives.dll
0x00007ffbce100000 - 0x00007ffbce12d000 	C:\WINDOWS\System32\IMM32.DLL
0x00007ffbcc7f0000 - 0x00007ffbcc84d000 	C:\Program Files\Citrix\System32\MfApHook64.dll
0x00007ffbcc140000 - 0x00007ffbcc16b000 	C:\Program Files\Citrix\ICAService\CtxDodHook64.dll
0x00007ffbcc710000 - 0x00007ffbcc742000 	C:\Program Files\Citrix\ICAService\picaFullScreenHookX64.dll
0x00007ffbcc0f0000 - 0x00007ffbcc13e000 	C:\Program Files\Citrix\ICAService\ShellHook64.dll
0x00007ffbceb10000 - 0x00007ffbcff4f000 	C:\WINDOWS\System32\SHELL32.dll
0x00007ffbcca70000 - 0x00007ffbccab9000 	C:\WINDOWS\System32\cfgmgr32.dll
0x00007ffbce700000 - 0x00007ffbce7a9000 	C:\WINDOWS\System32\shcore.dll
0x00007ffbccf30000 - 0x00007ffbcd63d000 	C:\WINDOWS\System32\windows.storage.dll
0x00007ffbd00f0000 - 0x00007ffbd0141000 	C:\WINDOWS\System32\shlwapi.dll
0x00007ffbcc960000 - 0x00007ffbcc971000 	C:\WINDOWS\System32\kernel.appcore.dll
0x00007ffbcc9f0000 - 0x00007ffbcca0f000 	C:\WINDOWS\System32\profapi.dll
0x00007ffbcc980000 - 0x00007ffbcc9cc000 	C:\WINDOWS\System32\powrprof.dll
0x00007ffbcc950000 - 0x00007ffbcc95a000 	C:\WINDOWS\System32\FLTLIB.DLL
0x00007ffbcbf50000 - 0x00007ffbcc0cc000 	C:\Program Files\Citrix\ICAService\SCardHook64.dll
0x00007ffbcbc50000 - 0x00007ffbcbc7a000 	C:\Program Files\Citrix\ICAService\cxinjime64.dll
0x00007ffbcbc00000 - 0x00007ffbcbc48000 	C:\Program Files\Citrix\ICAService\PicaWtsHook64.dll
0x000000006f300000 - 0x000000006f3d2000 	C:\Program Files\Java\jdk1.8.0_121\jre\bin\msvcr100.dll
0x000000006ea60000 - 0x000000006f2fb000 	C:\Program Files\Java\jdk1.8.0_121\jre\bin\server\jvm.dll
0x00007ffbcff50000 - 0x00007ffbcff58000 	C:\WINDOWS\System32\PSAPI.DLL
0x00007ffbcc600000 - 0x00007ffbcc60a000 	C:\WINDOWS\SYSTEM32\VERSION.dll
0x00007ffbbe360000 - 0x00007ffbbe369000 	C:\WINDOWS\SYSTEM32\WSOCK32.dll
0x00007ffbc6c30000 - 0x00007ffbc6c53000 	C:\WINDOWS\SYSTEM32\WINMM.dll
0x00007ffbce890000 - 0x00007ffbce8fc000 	C:\WINDOWS\System32\WS2_32.dll
0x00007ffbc6c00000 - 0x00007ffbc6c2a000 	C:\WINDOWS\SYSTEM32\WINMMBASE.dll
0x000000006fa80000 - 0x000000006fa8f000 	C:\Program Files\Java\jdk1.8.0_121\jre\bin\verify.dll
0x000000006ea30000 - 0x000000006ea59000 	C:\Program Files\Java\jdk1.8.0_121\jre\bin\java.dll
0x000000006ea10000 - 0x000000006ea26000 	C:\Program Files\Java\jdk1.8.0_121\jre\bin\zip.dll
0x000000006e9c0000 - 0x000000006e9cd000 	C:\Program Files\Java\jdk1.8.0_121\jre\bin\management.dll
0x000000006e9f0000 - 0x000000006ea0a000 	C:\Program Files\Java\jdk1.8.0_121\jre\bin\net.dll
0x00007ffbcb630000 - 0x00007ffbcb696000 	C:\WINDOWS\system32\mswsock.dll
0x000000006e9d0000 - 0x000000006e9e1000 	C:\Program Files\Java\jdk1.8.0_121\jre\bin\nio.dll
0x00007ffbc0b10000 - 0x00007ffbc0b26000 	C:\WINDOWS\system32\napinsp.dll
0x00007ffbc0b30000 - 0x00007ffbc0b4a000 	C:\WINDOWS\system32\pnrpnsp.dll
0x00007ffbc8120000 - 0x00007ffbc8139000 	C:\WINDOWS\system32\NLAapi.dll
0x00007ffbcb400000 - 0x00007ffbcb4be000 	C:\WINDOWS\SYSTEM32\DNSAPI.dll
0x00007ffbce7e0000 - 0x00007ffbce7e8000 	C:\WINDOWS\System32\NSI.dll
0x00007ffbcb3c0000 - 0x00007ffbcb3f8000 	C:\WINDOWS\SYSTEM32\IPHLPAPI.DLL
0x00007ffbc0b50000 - 0x00007ffbc0b5e000 	C:\WINDOWS\System32\winrnr.dll
0x00007ffbc3990000 - 0x00007ffbc399a000 	C:\Windows\System32\rasadhlp.dll
0x00007ffbc5590000 - 0x00007ffbc5602000 	C:\WINDOWS\System32\fwpuclnt.dll
0x00007ffbcc1c0000 - 0x00007ffbcc1e5000 	C:\WINDOWS\SYSTEM32\bcrypt.dll
0x00007ffbcb7e0000 - 0x00007ffbcb7f7000 	C:\WINDOWS\SYSTEM32\CRYPTSP.dll
0x00007ffbcb220000 - 0x00007ffbcb253000 	C:\WINDOWS\system32\rsaenh.dll
0x00007ffbcc880000 - 0x00007ffbcc8a8000 	C:\WINDOWS\SYSTEM32\USERENV.dll
0x00007ffbcb800000 - 0x00007ffbcb80b000 	C:\WINDOWS\SYSTEM32\CRYPTBASE.dll
0x00007ffbc4f10000 - 0x00007ffbc4f26000 	C:\WINDOWS\SYSTEM32\dhcpcsvc6.DLL
0x00007ffbc4ef0000 - 0x00007ffbc4f0a000 	C:\WINDOWS\SYSTEM32\dhcpcsvc.DLL

VM Arguments:
java_command: C:\Users\tkhandag\AppData\Local\Temp\1\surefire1800775402993369377\surefirebooter7794085099302937469.jar C:\Users\tkhandag\AppData\Local\Temp\1\surefire1800775402993369377 2019-02-20T10-52-33_837-jvmRun1 surefire1975204085447634276tmp surefire_03030392571813206558tmp
java_class_path (initial): C:\Users\tkhandag\AppData\Local\Temp\1\surefire1800775402993369377\surefirebooter7794085099302937469.jar
Launcher Type: SUN_STANDARD

Environment Variables:
PATH=C:/Program Files/Java/jre1.8.0_121/bin/server;C:/Program Files/Java/jre1.8.0_121/bin;C:/Program Files/Java/jre1.8.0_121/lib/amd64;C:\Python34\;C:\Python34\Scripts;C:\oraclexe\app\oracle\product\11.2.0\server\bin;C:\ProgramData\Oracle\Java\javapath;C:\WINDOWS\system32;C:\WINDOWS;C:\WINDOWS\System32\Wbem;C:\WINDOWS\System32\WindowsPowerShell\v1.0\;C:\Program Files\TortoiseSVN\bin;C:\Program Files\nodejs\;C:\Program Files\Git\cmd;C:\Program Files (x86)\Microsoft SQL Server\110\Tools\Binn\ManagementStudio\;C:\Program Files (x86)\Microsoft SQL Server\110\Tools\Binn\;C:\Program Files (x86)\Microsoft SQL Server\110\DTS\Binn\;C:\Program Files\Citrix\System32\;C:\Program Files\Citrix\ICAService\;C:\WINDOWS\System32\OpenSSH\;C:\Users\tkhandag\AppData\Local\Microsoft\WindowsApps;C:\Users\tkhandag\AppData\Local\GitHubDesktop\bin;C:\WINDOWS\system32;
USERNAME=tkhandag
OS=Windows_NT
PROCESSOR_IDENTIFIER=Intel64 Family 15 Model 6 Stepping 1, GenuineIntel



---------------  S Y S T E M  ---------------

OS: Windows 10.0 , 64 bit Build 17134 (10.0.17134.1)

CPU:total 4 (2 cores per cpu, 1 threads per core) family 15 model 6 stepping 1, cmov, cx8, fxsr, mmx, sse, sse2, sse3, ssse3, sse4.1, sse4.2, popcnt, avx, avx2, aes, clmul, erms, rtm, 3dnowpref, lzcnt, tsc, bmi1, bmi2, adx

Memory: 4k page, physical 8388056k(1299620k free), swap 18697820k(3176k free)

vm_info: Java HotSpot(TM) 64-Bit Server VM (25.121-b13) for windows-amd64 JRE (1.8.0_121-b13), built on Dec 12 2016 18:21:36 by "java_re" with MS VC++ 10.0 (VS2010)

time: Wed Feb 20 10:52:40 2019
elapsed time: 5 seconds (0d 0h 0m 5s)

