#
# There is insufficient memory for the Java Runtime Environment to continue.
# Native memory allocation (malloc) failed to allocate 509168 bytes for Chunk::new
# Possible reasons:
#   The system is out of physical RAM or swap space
#   In 32 bit mode, the process size limit was hit
# Possible solutions:
#   Reduce memory load on the system
#   Increase physical memory or swap space
#   Check if swap backing store is full
#   Use 64 bit Java on a 64 bit OS
#   Decrease Java heap size (-Xmx/-Xms)
#   Decrease number of Java threads
#   Decrease Java thread stack sizes (-Xss)
#   Set larger code cache with -XX:ReservedCodeCacheSize=
# This output file may be truncated or incomplete.
#
#  Out of Memory Error (allocation.cpp:390), pid=23904, tid=0x0000000000000fdc
#
# JRE version: Java(TM) SE Runtime Environment (8.0_121-b13) (build 1.8.0_121-b13)
# Java VM: Java HotSpot(TM) 64-Bit Server VM (25.121-b13 mixed mode windows-amd64 compressed oops)
# Failed to write core dump. Minidumps are not enabled by default on client versions of Windows
#

---------------  T H R E A D  ---------------

Current thread (0x000000001793d800):  JavaThread "C2 CompilerThread0" daemon [_thread_in_native, id=4060, stack(0x0000000018fa0000,0x00000000190a0000)]

Stack: [0x0000000018fa0000,0x00000000190a0000]
[error occurred during error reporting (printing stack bounds), id 0xc0000005]

Native frames: (J=compiled Java code, j=interpreted, Vv=VM code, C=native code)


Current CompileTask:
C2:   3912 2340       4       org.springframework.asm.ClassReader::readCode (5085 bytes)


---------------  P R O C E S S  ---------------

Java Threads: ( => current thread )
  0x0000000019421800 JavaThread "surefire-forkedjvm-ping-30s" daemon [_thread_in_native, id=12192, stack(0x00000000199a0000,0x0000000019aa0000)]
  0x00000000193b3000 JavaThread "surefire-forkedjvm-command-thread" daemon [_thread_in_native, id=21644, stack(0x00000000198a0000,0x00000000199a0000)]
  0x00000000192d0000 JavaThread "Service Thread" daemon [_thread_blocked, id=28288, stack(0x00000000196a0000,0x00000000197a0000)]
  0x0000000017946000 JavaThread "C1 CompilerThread2" daemon [_thread_blocked, id=5840, stack(0x00000000191a0000,0x00000000192a0000)]
  0x0000000017943000 JavaThread "C2 CompilerThread1" daemon [_thread_in_native, id=29832, stack(0x00000000190a0000,0x00000000191a0000)]
=>0x000000001793d800 JavaThread "C2 CompilerThread0" daemon [_thread_in_native, id=4060, stack(0x0000000018fa0000,0x00000000190a0000)]
  0x000000001793c800 JavaThread "Attach Listener" daemon [_thread_blocked, id=29760, stack(0x0000000018ea0000,0x0000000018fa0000)]
  0x000000001793b000 JavaThread "Signal Dispatcher" daemon [_thread_blocked, id=17544, stack(0x0000000018da0000,0x0000000018ea0000)]
  0x000000001792a800 JavaThread "Finalizer" daemon [_thread_blocked, id=26052, stack(0x0000000018bb0000,0x0000000018cb0000)]
  0x0000000002d11800 JavaThread "Reference Handler" daemon [_thread_blocked, id=20896, stack(0x0000000018ab0000,0x0000000018bb0000)]
  0x0000000002c20800 JavaThread "main" [_thread_in_native, id=18528, stack(0x0000000002a80000,0x0000000002b80000)]

Other Threads:
  0x0000000017908000 VMThread [stack: 0x00000000189b0000,0x0000000018ab0000] [id=15224]
  0x00000000192dd800 WatcherThread [stack: 0x00000000197a0000,0x00000000198a0000] [id=28912]

VM state:not at safepoint (normal execution)

VM Mutex/Monitor currently owned by a thread: None

Heap:
 PSYoungGen      total 71680K, used 11409K [0x00000000d5580000, 0x00000000da080000, 0x0000000100000000)
  eden space 66560K, 9% used [0x00000000d5580000,0x00000000d5baa908,0x00000000d9680000)
  from space 5120K, 99% used [0x00000000d9680000,0x00000000d9b79b20,0x00000000d9b80000)
  to   space 5120K, 0% used [0x00000000d9b80000,0x00000000d9b80000,0x00000000da080000)
 ParOldGen       total 52224K, used 10178K [0x0000000080000000, 0x0000000083300000, 0x00000000d5580000)
  object space 52224K, 19% used [0x0000000080000000,0x00000000809f0910,0x0000000083300000)
 Metaspace       used 29075K, capacity 29930K, committed 29952K, reserved 1075200K
  class space    used 3866K, capacity 4090K, committed 4096K, reserved 1048576K

Card table byte_map: [0x00000000120e0000,0x00000000124f0000] byte_map_base: 0x0000000011ce0000

Marking Bits: (ParMarkBitMap*) 0x000000006f27b6d0
 Begin Bits: [0x0000000012ba0000, 0x0000000014ba0000)
 End Bits:   [0x0000000014ba0000, 0x0000000016ba0000)

Polling page: 0x0000000002b80000

CodeCache: size=245760Kb used=9033Kb max_used=9033Kb free=236726Kb
 bounds [0x0000000002d20000, 0x0000000003600000, 0x0000000011d20000]
 total_blobs=2823 nmethods=2418 adapters=318
 compilation: enabled

Compilation events (10 events):
Event: 3.902 Thread 0x0000000017946000 nmethod 2421 0x00000000035f2bd0 code [0x00000000035f2d60, 0x00000000035f30e8]
Event: 3.903 Thread 0x0000000017946000 2422       3       org.springframework.boot.context.properties.source.ConfigurationPropertyName$Elements::canShortcutWithSource (7 bytes)
Event: 3.903 Thread 0x0000000017946000 nmethod 2422 0x00000000035f3210 code [0x00000000035f3380, 0x00000000035f3508]
Event: 3.903 Thread 0x0000000017946000 2423       3       org.springframework.boot.context.properties.source.ConfigurationPropertyName::equals (119 bytes)
Event: 3.904 Thread 0x0000000017946000 nmethod 2423 0x00000000035f3590 code [0x00000000035f37c0, 0x00000000035f4578]
Event: 3.908 Thread 0x0000000017946000 2424       3       sun.net.www.protocol.jar.JarURLConnection::getJarFile (9 bytes)
Event: 3.908 Thread 0x0000000017946000 nmethod 2424 0x00000000035f49d0 code [0x00000000035f4b40, 0x00000000035f4ce8]
Event: 3.909 Thread 0x0000000017946000 2425       3       org.springframework.util.ClassUtils::getShortName (8 bytes)
Event: 3.909 Thread 0x0000000017946000 nmethod 2425 0x00000000035f4d90 code [0x00000000035f4f20, 0x00000000035f52e8]
Event: 3.909 Thread 0x0000000017946000 2426       3       org.springframework.util.ClassUtils::getQualifiedName (11 bytes)

GC Heap History (10 events):
Event: 2.462 GC heap before
{Heap before GC invocations=4 (full 0):
 PSYoungGen      total 38400K, used 38398K [0x00000000d5580000, 0x00000000da080000, 0x0000000100000000)
  eden space 33280K, 100% used [0x00000000d5580000,0x00000000d7600000,0x00000000d7600000)
  from space 5120K, 99% used [0x00000000d7600000,0x00000000d7affb58,0x00000000d7b00000)
  to   space 5120K, 0% used [0x00000000d9b80000,0x00000000d9b80000,0x00000000da080000)
 ParOldGen       total 87552K, used 1275K [0x0000000080000000, 0x0000000085580000, 0x00000000d5580000)
  object space 87552K, 1% used [0x0000000080000000,0x000000008013ec58,0x0000000085580000)
 Metaspace       used 19351K, capacity 19878K, committed 19968K, reserved 1067008K
  class space    used 2615K, capacity 2786K, committed 2816K, reserved 1048576K
Event: 2.473 GC heap after
Heap after GC invocations=4 (full 0):
 PSYoungGen      total 71680K, used 5105K [0x00000000d5580000, 0x00000000da080000, 0x0000000100000000)
  eden space 66560K, 0% used [0x00000000d5580000,0x00000000d5580000,0x00000000d9680000)
  from space 5120K, 99% used [0x00000000d9b80000,0x00000000da07c590,0x00000000da080000)
  to   space 5120K, 0% used [0x00000000d9680000,0x00000000d9680000,0x00000000d9b80000)
 ParOldGen       total 87552K, used 2972K [0x0000000080000000, 0x0000000085580000, 0x00000000d5580000)
  object space 87552K, 3% used [0x0000000080000000,0x00000000802e7190,0x0000000085580000)
 Metaspace       used 19351K, capacity 19878K, committed 19968K, reserved 1067008K
  class space    used 2615K, capacity 2786K, committed 2816K, reserved 1048576K
}
Event: 2.608 GC heap before
{Heap before GC invocations=5 (full 0):
 PSYoungGen      total 71680K, used 19420K [0x00000000d5580000, 0x00000000da080000, 0x0000000100000000)
  eden space 66560K, 21% used [0x00000000d5580000,0x00000000d637ab98,0x00000000d9680000)
  from space 5120K, 99% used [0x00000000d9b80000,0x00000000da07c590,0x00000000da080000)
  to   space 5120K, 0% used [0x00000000d9680000,0x00000000d9680000,0x00000000d9b80000)
 ParOldGen       total 87552K, used 2972K [0x0000000080000000, 0x0000000085580000, 0x00000000d5580000)
  object space 87552K, 3% used [0x0000000080000000,0x00000000802e7190,0x0000000085580000)
 Metaspace       used 20562K, capacity 21138K, committed 21248K, reserved 1067008K
  class space    used 2818K, capacity 2974K, committed 3072K, reserved 1048576K
Event: 2.624 GC heap after
Heap after GC invocations=5 (full 0):
 PSYoungGen      total 71680K, used 5091K [0x00000000d5580000, 0x00000000da080000, 0x0000000100000000)
  eden space 66560K, 0% used [0x00000000d5580000,0x00000000d5580000,0x00000000d9680000)
  from space 5120K, 99% used [0x00000000d9680000,0x00000000d9b78d88,0x00000000d9b80000)
  to   space 5120K, 0% used [0x00000000d9b80000,0x00000000d9b80000,0x00000000da080000)
 ParOldGen       total 87552K, used 4081K [0x0000000080000000, 0x0000000085580000, 0x00000000d5580000)
  object space 87552K, 4% used [0x0000000080000000,0x00000000803fc658,0x0000000085580000)
 Metaspace       used 20562K, capacity 21138K, committed 21248K, reserved 1067008K
  class space    used 2818K, capacity 2974K, committed 3072K, reserved 1048576K
}
Event: 2.624 GC heap before
{Heap before GC invocations=6 (full 1):
 PSYoungGen      total 71680K, used 5091K [0x00000000d5580000, 0x00000000da080000, 0x0000000100000000)
  eden space 66560K, 0% used [0x00000000d5580000,0x00000000d5580000,0x00000000d9680000)
  from space 5120K, 99% used [0x00000000d9680000,0x00000000d9b78d88,0x00000000d9b80000)
  to   space 5120K, 0% used [0x00000000d9b80000,0x00000000d9b80000,0x00000000da080000)
 ParOldGen       total 87552K, used 4081K [0x0000000080000000, 0x0000000085580000, 0x00000000d5580000)
  object space 87552K, 4% used [0x0000000080000000,0x00000000803fc658,0x0000000085580000)
 Metaspace       used 20562K, capacity 21138K, committed 21248K, reserved 1067008K
  class space    used 2818K, capacity 2974K, committed 3072K, reserved 1048576K
Event: 2.667 GC heap after
Heap after GC invocations=6 (full 1):
 PSYoungGen      total 71680K, used 0K [0x00000000d5580000, 0x00000000da080000, 0x0000000100000000)
  eden space 66560K, 0% used [0x00000000d5580000,0x00000000d5580000,0x00000000d9680000)
  from space 5120K, 0% used [0x00000000d9680000,0x00000000d9680000,0x00000000d9b80000)
  to   space 5120K, 0% used [0x00000000d9b80000,0x00000000d9b80000,0x00000000da080000)
 ParOldGen       total 52224K, used 6048K [0x0000000080000000, 0x0000000083300000, 0x00000000d5580000)
  object space 52224K, 11% used [0x0000000080000000,0x00000000805e83f0,0x0000000083300000)
 Metaspace       used 20562K, capacity 21138K, committed 21248K, reserved 1067008K
  class space    used 2818K, capacity 2974K, committed 3072K, reserved 1048576K
}
Event: 3.365 GC heap before
{Heap before GC invocations=7 (full 1):
 PSYoungGen      total 71680K, used 66560K [0x00000000d5580000, 0x00000000da080000, 0x0000000100000000)
  eden space 66560K, 100% used [0x00000000d5580000,0x00000000d9680000,0x00000000d9680000)
  from space 5120K, 0% used [0x00000000d9680000,0x00000000d9680000,0x00000000d9b80000)
  to   space 5120K, 0% used [0x00000000d9b80000,0x00000000d9b80000,0x00000000da080000)
 ParOldGen       total 52224K, used 6048K [0x0000000080000000, 0x0000000083300000, 0x00000000d5580000)
  object space 52224K, 11% used [0x0000000080000000,0x00000000805e83f0,0x0000000083300000)
 Metaspace       used 27284K, capacity 28052K, committed 28288K, reserved 1073152K
  class space    used 3648K, capacity 3857K, committed 3968K, reserved 1048576K
Event: 3.377 GC heap after
Heap after GC invocations=7 (full 1):
 PSYoungGen      total 71680K, used 5097K [0x00000000d5580000, 0x00000000da080000, 0x0000000100000000)
  eden space 66560K, 0% used [0x00000000d5580000,0x00000000d5580000,0x00000000d9680000)
  from space 5120K, 99% used [0x00000000d9b80000,0x00000000da07a628,0x00000000da080000)
  to   space 5120K, 0% used [0x00000000d9680000,0x00000000d9680000,0x00000000d9b80000)
 ParOldGen       total 52224K, used 8969K [0x0000000080000000, 0x0000000083300000, 0x00000000d5580000)
  object space 52224K, 17% used [0x0000000080000000,0x00000000808c2448,0x0000000083300000)
 Metaspace       used 27284K, capacity 28052K, committed 28288K, reserved 1073152K
  class space    used 3648K, capacity 3857K, committed 3968K, reserved 1048576K
}
Event: 3.829 GC heap before
{Heap before GC invocations=8 (full 1):
 PSYoungGen      total 71680K, used 71657K [0x00000000d5580000, 0x00000000da080000, 0x0000000100000000)
  eden space 66560K, 100% used [0x00000000d5580000,0x00000000d9680000,0x00000000d9680000)
  from space 5120K, 99% used [0x00000000d9b80000,0x00000000da07a628,0x00000000da080000)
  to   space 5120K, 0% used [0x00000000d9680000,0x00000000d9680000,0x00000000d9b80000)
 ParOldGen       total 52224K, used 8969K [0x0000000080000000, 0x0000000083300000, 0x00000000d5580000)
  object space 52224K, 17% used [0x0000000080000000,0x00000000808c2448,0x0000000083300000)
 Metaspace       used 28933K, capacity 29726K, committed 29952K, reserved 1075200K
  class space    used 3845K, capacity 4072K, committed 4096K, reserved 1048576K
Event: 3.837 GC heap after
Heap after GC invocations=8 (full 1):
 PSYoungGen      total 71680K, used 5094K [0x00000000d5580000, 0x00000000da080000, 0x0000000100000000)
  eden space 66560K, 0% used [0x00000000d5580000,0x00000000d5580000,0x00000000d9680000)
  from space 5120K, 99% used [0x00000000d9680000,0x00000000d9b79b20,0x00000000d9b80000)
  to   space 5120K, 0% used [0x00000000d9b80000,0x00000000d9b80000,0x00000000da080000)
 ParOldGen       total 52224K, used 10178K [0x0000000080000000, 0x0000000083300000, 0x00000000d5580000)
  object space 52224K, 19% used [0x0000000080000000,0x00000000809f0910,0x0000000083300000)
 Metaspace       used 28933K, capacity 29726K, committed 29952K, reserved 1075200K
  class space    used 3845K, capacity 4072K, committed 4096K, reserved 1048576K
}

Deoptimization events (10 events):
Event: 2.356 Thread 0x0000000002c20800 Uncommon trap: reason=unstable_if action=reinterpret pc=0x000000000302a97c method=java.util.HashMap.hash(Ljava/lang/Object;)I @ 1
Event: 2.691 Thread 0x0000000002c20800 Uncommon trap: reason=unstable_if action=reinterpret pc=0x00000000030808a4 method=java.net.URL.<init>(Ljava/net/URL;Ljava/lang/String;Ljava/net/URLStreamHandler;)V @ 347
Event: 3.051 Thread 0x0000000002c20800 Uncommon trap: reason=unstable_if action=reinterpret pc=0x00000000032fab94 method=org.springframework.asm.ClassReader.readUTF8(I[C)Ljava/lang/String; @ 11
Event: 3.191 Thread 0x000000001a43c000 Uncommon trap: reason=unstable_if action=reinterpret pc=0x0000000003173ef8 method=jdk.internal.org.objectweb.asm.Type.getArgumentsAndReturnSizes(Ljava/lang/String;)I @ 47
Event: 3.229 Thread 0x000000001a43c000 Uncommon trap: reason=unstable_if action=reinterpret pc=0x0000000003143c04 method=java.util.Properties$LineReader.readLine()I @ 200
Event: 3.249 Thread 0x000000001a43c000 Uncommon trap: reason=unstable_if action=reinterpret pc=0x000000000300d0ac method=java.util.Properties$LineReader.readLine()I @ 200
Event: 3.444 Thread 0x0000000002c20800 Uncommon trap: reason=unstable_if action=reinterpret pc=0x000000000339b028 method=java.net.URLClassLoader.definePackageInternal(Ljava/lang/String;Ljava/util/jar/Manifest;Ljava/net/URL;)V @ 11
Event: 3.546 Thread 0x0000000002c20800 Uncommon trap: reason=unstable_if action=reinterpret pc=0x00000000034c9d64 method=java.net.URLClassLoader.definePackageInternal(Ljava/lang/String;Ljava/util/jar/Manifest;Ljava/net/URL;)V @ 11
Event: 3.609 Thread 0x0000000002c20800 Uncommon trap: reason=unstable_if action=reinterpret pc=0x00000000031d103c method=java.io.WinNTFileSystem.isLetter(C)Z @ 3
Event: 3.903 Thread 0x0000000002c20800 Uncommon trap: reason=unstable_if action=reinterpret pc=0x000000000356e024 method=org.springframework.boot.context.properties.source.ConfigurationPropertyName.equals(Ljava/lang/Object;)Z @ 90

Internal exceptions (10 events):
Event: 2.847 Thread 0x0000000002c20800 Exception <a 'java/lang/ClassNotFoundException': org/springframework/context/ResourceLoaderAwareBeanInfo> (0x00000000d6738b78) thrown at [C:\re\workspace\8-2-build-windows-amd64-cygwin\jdk8u121\8372\hotspot\src\share\vm\classfile\systemDictionary.cpp, lin
Event: 2.848 Thread 0x0000000002c20800 Exception <a 'java/lang/ClassNotFoundException': org/springframework/context/ResourceLoaderAwareCustomizer> (0x00000000d6756ec0) thrown at [C:\re\workspace\8-2-build-windows-amd64-cygwin\jdk8u121\8372\hotspot\src\share\vm\classfile\systemDictionary.cpp, l
Event: 2.849 Thread 0x0000000002c20800 Exception <a 'java/lang/ClassNotFoundException': org/springframework/beans/factory/AwareBeanInfo> (0x00000000d67733b8) thrown at [C:\re\workspace\8-2-build-windows-amd64-cygwin\jdk8u121\8372\hotspot\src\share\vm\classfile\systemDictionary.cpp, line 210]
Event: 2.849 Thread 0x0000000002c20800 Exception <a 'java/lang/ClassNotFoundException': org/springframework/beans/factory/AwareCustomizer> (0x00000000d678e9c0) thrown at [C:\re\workspace\8-2-build-windows-amd64-cygwin\jdk8u121\8372\hotspot\src\share\vm\classfile\systemDictionary.cpp, line 210]
Event: 2.850 Thread 0x0000000002c20800 Exception <a 'java/lang/ClassNotFoundException': org/springframework/beans/factory/BeanClassLoaderAwareBeanInfo> (0x00000000d67af4e8) thrown at [C:\re\workspace\8-2-build-windows-amd64-cygwin\jdk8u121\8372\hotspot\src\share\vm\classfile\systemDictionary.c
Event: 2.852 Thread 0x0000000002c20800 Exception <a 'java/lang/ClassNotFoundException': org/springframework/beans/factory/BeanClassLoaderAwareCustomizer> (0x00000000d67d0750) thrown at [C:\re\workspace\8-2-build-windows-amd64-cygwin\jdk8u121\8372\hotspot\src\share\vm\classfile\systemDictionary
Event: 2.853 Thread 0x0000000002c20800 Exception <a 'java/lang/ClassNotFoundException': org/springframework/context/EnvironmentAwareBeanInfo> (0x00000000d67eece8) thrown at [C:\re\workspace\8-2-build-windows-amd64-cygwin\jdk8u121\8372\hotspot\src\share\vm\classfile\systemDictionary.cpp, line 2
Event: 2.853 Thread 0x0000000002c20800 Exception <a 'java/lang/ClassNotFoundException': org/springframework/context/EnvironmentAwareCustomizer> (0x00000000d680c020) thrown at [C:\re\workspace\8-2-build-windows-amd64-cygwin\jdk8u121\8372\hotspot\src\share\vm\classfile\systemDictionary.cpp, line
Event: 3.197 Thread 0x000000001a43c000 Exception <a 'java/lang/IncompatibleClassChangeError': Found class java.lang.Object, but interface was expected> (0x00000000d8524778) thrown at [C:\re\workspace\8-2-build-windows-amd64-cygwin\jdk8u121\8372\hotspot\src\share\vm\interpreter\linkResolver.cpp
Event: 3.314 Thread 0x0000000002c20800 Exception <a 'java/lang/IncompatibleClassChangeError': Found class java.lang.Object, but interface was expected> (0x00000000d939d1d8) thrown at [C:\re\workspace\8-2-build-windows-amd64-cygwin\jdk8u121\8372\hotspot\src\share\vm\interpreter\linkResolver.cpp

Events (10 events):
Event: 3.883 loading class java/util/StringJoiner done
Event: 3.893 loading class org/springframework/web/reactive/HandlerResult
Event: 3.893 loading class org/springframework/web/reactive/HandlerResult done
Event: 3.896 loading class org/springframework/web/reactive/DispatcherHandler
Event: 3.896 loading class org/springframework/web/reactive/DispatcherHandler done
Event: 3.900 loading class org/springframework/context/annotation/AspectJAutoProxyRegistrar
Event: 3.900 loading class org/springframework/context/annotation/AspectJAutoProxyRegistrar done
Event: 3.903 Thread 0x0000000002c20800 Uncommon trap: trap_request=0xffffff65 fr.pc=0x000000000356e024
Event: 3.903 Thread 0x0000000002c20800 DEOPT PACKING pc=0x000000000356e024 sp=0x0000000002b7d840
Event: 3.903 Thread 0x0000000002c20800 DEOPT UNPACKING pc=0x0000000002d6556a sp=0x0000000002b7d830 mode 2


Dynamic libraries:
0x00007ff7dd890000 - 0x00007ff7dd8c7000 	C:\Program Files\Java\jdk1.8.0_121\jre\bin\java.exe
0x00007ffbd0640000 - 0x00007ffbd0821000 	C:\WINDOWS\SYSTEM32\ntdll.dll
0x00007ffbd0240000 - 0x00007ffbd02f2000 	C:\WINDOWS\System32\KERNEL32.DLL
0x00007ffbccac0000 - 0x00007ffbccd33000 	C:\WINDOWS\System32\KERNELBASE.dll
0x00007ffbcdfb0000 - 0x00007ffbce051000 	C:\WINDOWS\System32\ADVAPI32.dll
0x00007ffbce060000 - 0x00007ffbce0fe000 	C:\WINDOWS\System32\msvcrt.dll
0x00007ffbd0300000 - 0x00007ffbd035b000 	C:\WINDOWS\System32\sechost.dll
0x00007ffbcde00000 - 0x00007ffbcdf24000 	C:\WINDOWS\System32\RPCRT4.dll
0x00007ffbcff60000 - 0x00007ffbd00f0000 	C:\WINDOWS\System32\USER32.dll
0x00007ffbcd740000 - 0x00007ffbcd760000 	C:\WINDOWS\System32\win32u.dll
0x00007ffbce7b0000 - 0x00007ffbce7d8000 	C:\WINDOWS\System32\GDI32.dll
0x00007ffbcd930000 - 0x00007ffbcdac2000 	C:\WINDOWS\System32\gdi32full.dll
0x00007ffbcd890000 - 0x00007ffbcd92f000 	C:\WINDOWS\System32\msvcp_win.dll
0x00007ffbcd640000 - 0x00007ffbcd73a000 	C:\WINDOWS\System32\ucrtbase.dll
0x00007ffbcab90000 - 0x00007ffbcadf9000 	C:\WINDOWS\WinSxS\amd64_microsoft.windows.common-controls_6595b64144ccf1df_6.0.17134.407_none_fb449d63306391e9\COMCTL32.dll
0x00007ffbcdad0000 - 0x00007ffbcddf2000 	C:\WINDOWS\System32\combase.dll
0x00007ffbcd810000 - 0x00007ffbcd88a000 	C:\WINDOWS\System32\bcryptPrimitives.dll
0x00007ffbce100000 - 0x00007ffbce12d000 	C:\WINDOWS\System32\IMM32.DLL
0x00007ffbcc7f0000 - 0x00007ffbcc84d000 	C:\Program Files\Citrix\System32\MfApHook64.dll
0x00007ffbcc140000 - 0x00007ffbcc16b000 	C:\Program Files\Citrix\ICAService\CtxDodHook64.dll
0x00007ffbcc710000 - 0x00007ffbcc742000 	C:\Program Files\Citrix\ICAService\picaFullScreenHookX64.dll
0x00007ffbcc0f0000 - 0x00007ffbcc13e000 	C:\Program Files\Citrix\ICAService\ShellHook64.dll
0x00007ffbceb10000 - 0x00007ffbcff4f000 	C:\WINDOWS\System32\SHELL32.dll
0x00007ffbcca70000 - 0x00007ffbccab9000 	C:\WINDOWS\System32\cfgmgr32.dll
0x00007ffbce700000 - 0x00007ffbce7a9000 	C:\WINDOWS\System32\shcore.dll
0x00007ffbccf30000 - 0x00007ffbcd63d000 	C:\WINDOWS\System32\windows.storage.dll
0x00007ffbd00f0000 - 0x00007ffbd0141000 	C:\WINDOWS\System32\shlwapi.dll
0x00007ffbcc960000 - 0x00007ffbcc971000 	C:\WINDOWS\System32\kernel.appcore.dll
0x00007ffbcc9f0000 - 0x00007ffbcca0f000 	C:\WINDOWS\System32\profapi.dll
0x00007ffbcc980000 - 0x00007ffbcc9cc000 	C:\WINDOWS\System32\powrprof.dll
0x00007ffbcc950000 - 0x00007ffbcc95a000 	C:\WINDOWS\System32\FLTLIB.DLL
0x00007ffbcbf50000 - 0x00007ffbcc0cc000 	C:\Program Files\Citrix\ICAService\SCardHook64.dll
0x00007ffbcbc50000 - 0x00007ffbcbc7a000 	C:\Program Files\Citrix\ICAService\cxinjime64.dll
0x00007ffbcbc00000 - 0x00007ffbcbc48000 	C:\Program Files\Citrix\ICAService\PicaWtsHook64.dll
0x000000006f300000 - 0x000000006f3d2000 	C:\Program Files\Java\jdk1.8.0_121\jre\bin\msvcr100.dll
0x000000006ea60000 - 0x000000006f2fb000 	C:\Program Files\Java\jdk1.8.0_121\jre\bin\server\jvm.dll
0x00007ffbcff50000 - 0x00007ffbcff58000 	C:\WINDOWS\System32\PSAPI.DLL
0x00007ffbc6c30000 - 0x00007ffbc6c53000 	C:\WINDOWS\SYSTEM32\WINMM.dll
0x00007ffbbe360000 - 0x00007ffbbe369000 	C:\WINDOWS\SYSTEM32\WSOCK32.dll
0x00007ffbcc600000 - 0x00007ffbcc60a000 	C:\WINDOWS\SYSTEM32\VERSION.dll
0x00007ffbce890000 - 0x00007ffbce8fc000 	C:\WINDOWS\System32\WS2_32.dll
0x00007ffbc6c00000 - 0x00007ffbc6c2a000 	C:\WINDOWS\SYSTEM32\WINMMBASE.dll
0x000000006fa80000 - 0x000000006fa8f000 	C:\Program Files\Java\jdk1.8.0_121\jre\bin\verify.dll
0x000000006ea30000 - 0x000000006ea59000 	C:\Program Files\Java\jdk1.8.0_121\jre\bin\java.dll
0x000000006ea10000 - 0x000000006ea26000 	C:\Program Files\Java\jdk1.8.0_121\jre\bin\zip.dll
0x000000006e9c0000 - 0x000000006e9cd000 	C:\Program Files\Java\jdk1.8.0_121\jre\bin\management.dll
0x000000006e9f0000 - 0x000000006ea0a000 	C:\Program Files\Java\jdk1.8.0_121\jre\bin\net.dll
0x00007ffbcb630000 - 0x00007ffbcb696000 	C:\WINDOWS\system32\mswsock.dll
0x000000006e9d0000 - 0x000000006e9e1000 	C:\Program Files\Java\jdk1.8.0_121\jre\bin\nio.dll
0x00007ffbc0b10000 - 0x00007ffbc0b26000 	C:\WINDOWS\system32\napinsp.dll
0x00007ffbc0b30000 - 0x00007ffbc0b4a000 	C:\WINDOWS\system32\pnrpnsp.dll
0x00007ffbc8120000 - 0x00007ffbc8139000 	C:\WINDOWS\system32\NLAapi.dll
0x00007ffbcb400000 - 0x00007ffbcb4be000 	C:\WINDOWS\SYSTEM32\DNSAPI.dll
0x00007ffbce7e0000 - 0x00007ffbce7e8000 	C:\WINDOWS\System32\NSI.dll
0x00007ffbcb3c0000 - 0x00007ffbcb3f8000 	C:\WINDOWS\SYSTEM32\IPHLPAPI.DLL
0x00007ffbc0b50000 - 0x00007ffbc0b5e000 	C:\WINDOWS\System32\winrnr.dll
0x00007ffbc3990000 - 0x00007ffbc399a000 	C:\Windows\System32\rasadhlp.dll
0x00007ffbc5590000 - 0x00007ffbc5602000 	C:\WINDOWS\System32\fwpuclnt.dll
0x00007ffbcc1c0000 - 0x00007ffbcc1e5000 	C:\WINDOWS\SYSTEM32\bcrypt.dll

VM Arguments:
java_command: C:\Users\tkhandag\AppData\Local\Temp\1\surefire2354131410436841465\surefirebooter3212892590910528313.jar C:\Users\tkhandag\AppData\Local\Temp\1\surefire2354131410436841465 2019-02-20T11-06-53_997-jvmRun1 surefire3053027881352028731tmp surefire_02996930885271786232tmp
java_class_path (initial): C:\Users\tkhandag\AppData\Local\Temp\1\surefire2354131410436841465\surefirebooter3212892590910528313.jar
Launcher Type: SUN_STANDARD

Environment Variables:
PATH=C:/Program Files/Java/jre1.8.0_121/bin/server;C:/Program Files/Java/jre1.8.0_121/bin;C:/Program Files/Java/jre1.8.0_121/lib/amd64;C:\Python34\;C:\Python34\Scripts;C:\oraclexe\app\oracle\product\11.2.0\server\bin;C:\ProgramData\Oracle\Java\javapath;C:\WINDOWS\system32;C:\WINDOWS;C:\WINDOWS\System32\Wbem;C:\WINDOWS\System32\WindowsPowerShell\v1.0\;C:\Program Files\TortoiseSVN\bin;C:\Program Files\nodejs\;C:\Program Files\Git\cmd;C:\Program Files (x86)\Microsoft SQL Server\110\Tools\Binn\ManagementStudio\;C:\Program Files (x86)\Microsoft SQL Server\110\Tools\Binn\;C:\Program Files (x86)\Microsoft SQL Server\110\DTS\Binn\;C:\Program Files\Citrix\System32\;C:\Program Files\Citrix\ICAService\;C:\WINDOWS\System32\OpenSSH\;C:\Users\tkhandag\AppData\Local\Microsoft\WindowsApps;C:\Users\tkhandag\AppData\Local\GitHubDesktop\bin;C:\WINDOWS\system32;
USERNAME=tkhandag
OS=Windows_NT
PROCESSOR_IDENTIFIER=Intel64 Family 15 Model 6 Stepping 1, GenuineIntel



---------------  S Y S T E M  ---------------

OS: Windows 10.0 , 64 bit Build 17134 (10.0.17134.1)

CPU:total 4 (2 cores per cpu, 1 threads per core) family 15 model 6 stepping 1, cmov, cx8, fxsr, mmx, sse, sse2, sse3, ssse3, sse4.1, sse4.2, popcnt, avx, avx2, aes, clmul, erms, rtm, 3dnowpref, lzcnt, tsc, bmi1, bmi2, adx

Memory: 4k page, physical 8388056k(1197232k free), swap 18697820k(5632k free)

vm_info: Java HotSpot(TM) 64-Bit Server VM (25.121-b13) for windows-amd64 JRE (1.8.0_121-b13), built on Dec 12 2016 18:21:36 by "java_re" with MS VC++ 10.0 (VS2010)

time: Wed Feb 20 11:06:58 2019
elapsed time: 3 seconds (0d 0h 0m 3s)

